[1 of 1] Compiling Main             ( /tmp/cabal-tmp-12078/llvm-general-3.5.1.2/dist/dist-sandbox-90203a8c/setup/setup.hs, /tmp/cabal-tmp-12078/llvm-general-3.5.1.2/dist/dist-sandbox-90203a8c/setup/Main.o )
Linking /tmp/cabal-tmp-12078/llvm-general-3.5.1.2/dist/dist-sandbox-90203a8c/setup/setup ...
Configuring llvm-general-3.5.1.2...
Building llvm-general-3.5.1.2...
Preprocessing library llvm-general-3.5.1.2...
[ 1 of 93] Compiling LLVM.General.Internal.FFI.ByteRangeCallback ( src/LLVM/General/Internal/FFI/ByteRangeCallback.hs, dist/dist-sandbox-90203a8c/build/LLVM/General/Internal/FFI/ByteRangeCallback.o )
[ 2 of 93] Compiling LLVM.General.Internal.FFI.Transforms ( src/LLVM/General/Internal/FFI/Transforms.hs, dist/dist-sandbox-90203a8c/build/LLVM/General/Internal/FFI/Transforms.o )
[ 3 of 93] Compiling LLVM.General.Internal.Inject ( src/LLVM/General/Internal/Inject.hs, dist/dist-sandbox-90203a8c/build/LLVM/General/Internal/Inject.o )
[ 4 of 93] Compiling LLVM.General.Internal.FFI.Context ( src/LLVM/General/Internal/FFI/Context.hs, dist/dist-sandbox-90203a8c/build/LLVM/General/Internal/FFI/Context.o )
[ 5 of 93] Compiling LLVM.General.Internal.FFI.CommandLine ( src/LLVM/General/Internal/FFI/CommandLine.hs, dist/dist-sandbox-90203a8c/build/LLVM/General/Internal/FFI/CommandLine.o )
[ 6 of 93] Compiling LLVM.General.Internal.FFI.Iterate ( src/LLVM/General/Internal/FFI/Iterate.hs, dist/dist-sandbox-90203a8c/build/LLVM/General/Internal/FFI/Iterate.o )
[ 7 of 93] Compiling LLVM.General.Internal.FFI.PtrHierarchy ( src/LLVM/General/Internal/FFI/PtrHierarchy.hs, dist/dist-sandbox-90203a8c/build/LLVM/General/Internal/FFI/PtrHierarchy.o )
[ 8 of 93] Compiling LLVM.General.Internal.FFI.BasicBlock ( src/LLVM/General/Internal/FFI/BasicBlock.hs, dist/dist-sandbox-90203a8c/build/LLVM/General/Internal/FFI/BasicBlock.o )
[ 9 of 93] Compiling LLVM.General.Internal.FFI.User ( src/LLVM/General/Internal/FFI/User.hs, dist/dist-sandbox-90203a8c/build/LLVM/General/Internal/FFI/User.o )
[10 of 93] Compiling LLVM.General.Internal.FFI.GlobalAlias ( src/LLVM/General/Internal/FFI/GlobalAlias.hs, dist/dist-sandbox-90203a8c/build/LLVM/General/Internal/FFI/GlobalAlias.o )
[11 of 93] Compiling LLVM.General.Internal.FFI.LLVMCTypes ( dist/dist-sandbox-90203a8c/build/LLVM/General/Internal/FFI/LLVMCTypes.hs, dist/dist-sandbox-90203a8c/build/LLVM/General/Internal/FFI/LLVMCTypes.o )
[12 of 93] Compiling LLVM.General.Internal.FFI.Attribute ( src/LLVM/General/Internal/FFI/Attribute.hs, dist/dist-sandbox-90203a8c/build/LLVM/General/Internal/FFI/Attribute.o )
[13 of 93] Compiling LLVM.General.Internal.FFI.GlobalValue ( src/LLVM/General/Internal/FFI/GlobalValue.hs, dist/dist-sandbox-90203a8c/build/LLVM/General/Internal/FFI/GlobalValue.o )
[14 of 93] Compiling LLVM.General.Internal.FFI.Instruction ( src/LLVM/General/Internal/FFI/Instruction.hs, dist/dist-sandbox-90203a8c/build/LLVM/General/Internal/FFI/Instruction.o )
[15 of 93] Compiling LLVM.General.Internal.FFI.Type ( src/LLVM/General/Internal/FFI/Type.hs, dist/dist-sandbox-90203a8c/build/LLVM/General/Internal/FFI/Type.o )
[16 of 93] Compiling LLVM.General.Internal.FFI.Value ( src/LLVM/General/Internal/FFI/Value.hs, dist/dist-sandbox-90203a8c/build/LLVM/General/Internal/FFI/Value.o )
[17 of 93] Compiling LLVM.General.Internal.FFI.BinaryOperator ( src/LLVM/General/Internal/FFI/BinaryOperator.hs, dist/dist-sandbox-90203a8c/build/LLVM/General/Internal/FFI/BinaryOperator.o )
[18 of 93] Compiling LLVM.General.Internal.FFI.DataLayout ( src/LLVM/General/Internal/FFI/DataLayout.hs, dist/dist-sandbox-90203a8c/build/LLVM/General/Internal/FFI/DataLayout.o )
[19 of 93] Compiling LLVM.General.Internal.FFI.SMDiagnostic ( src/LLVM/General/Internal/FFI/SMDiagnostic.hs, dist/dist-sandbox-90203a8c/build/LLVM/General/Internal/FFI/SMDiagnostic.o )
[20 of 93] Compiling LLVM.General.Internal.FFI.Module ( src/LLVM/General/Internal/FFI/Module.hs, dist/dist-sandbox-90203a8c/build/LLVM/General/Internal/FFI/Module.o )
[21 of 93] Compiling LLVM.General.Internal.FFI.ExecutionEngine ( src/LLVM/General/Internal/FFI/ExecutionEngine.hs, dist/dist-sandbox-90203a8c/build/LLVM/General/Internal/FFI/ExecutionEngine.o )
[22 of 93] Compiling LLVM.General.Internal.FFI.Function ( src/LLVM/General/Internal/FFI/Function.hs, dist/dist-sandbox-90203a8c/build/LLVM/General/Internal/FFI/Function.o )
[23 of 93] Compiling LLVM.General.Internal.FFI.InlineAssembly ( src/LLVM/General/Internal/FFI/InlineAssembly.hs, dist/dist-sandbox-90203a8c/build/LLVM/General/Internal/FFI/InlineAssembly.o )
[24 of 93] Compiling LLVM.General.Internal.FFI.InstructionDefs ( dist/dist-sandbox-90203a8c/build/LLVM/General/Internal/FFI/InstructionDefs.hs, dist/dist-sandbox-90203a8c/build/LLVM/General/Internal/FFI/InstructionDefs.o )
[25 of 93] Compiling LLVM.General.Internal.InstructionDefs ( src/LLVM/General/Internal/InstructionDefs.hs, dist/dist-sandbox-90203a8c/build/LLVM/General/Internal/InstructionDefs.o )
[26 of 93] Compiling LLVM.General.Internal.FFI.MemoryBuffer ( src/LLVM/General/Internal/FFI/MemoryBuffer.hs, dist/dist-sandbox-90203a8c/build/LLVM/General/Internal/FFI/MemoryBuffer.o )
[27 of 93] Compiling LLVM.General.Internal.FFI.Metadata ( src/LLVM/General/Internal/FFI/Metadata.hs, dist/dist-sandbox-90203a8c/build/LLVM/General/Internal/FFI/Metadata.o )
[28 of 93] Compiling LLVM.General.Internal.FFI.GlobalVariable ( src/LLVM/General/Internal/FFI/GlobalVariable.hs, dist/dist-sandbox-90203a8c/build/LLVM/General/Internal/FFI/GlobalVariable.o )
[29 of 93] Compiling LLVM.General.Internal.FFI.RawOStream ( src/LLVM/General/Internal/FFI/RawOStream.hs, dist/dist-sandbox-90203a8c/build/LLVM/General/Internal/FFI/RawOStream.o )
[30 of 93] Compiling LLVM.General.Internal.FFI.Assembly ( src/LLVM/General/Internal/FFI/Assembly.hs, dist/dist-sandbox-90203a8c/build/LLVM/General/Internal/FFI/Assembly.o )
[31 of 93] Compiling LLVM.General.Internal.FFI.Bitcode ( src/LLVM/General/Internal/FFI/Bitcode.hs, dist/dist-sandbox-90203a8c/build/LLVM/General/Internal/FFI/Bitcode.o )
[32 of 93] Compiling LLVM.General.Internal.FFI.Target ( src/LLVM/General/Internal/FFI/Target.hs, dist/dist-sandbox-90203a8c/build/LLVM/General/Internal/FFI/Target.o )
[33 of 93] Compiling LLVM.General.Internal.FFI.Threading ( src/LLVM/General/Internal/FFI/Threading.hs, dist/dist-sandbox-90203a8c/build/LLVM/General/Internal/FFI/Threading.o )
[34 of 93] Compiling LLVM.General.Internal.FFI.Cleanup ( src/LLVM/General/Internal/FFI/Cleanup.hs, dist/dist-sandbox-90203a8c/build/LLVM/General/Internal/FFI/Cleanup.o )
[35 of 93] Compiling LLVM.General.Internal.FFI.Constant ( src/LLVM/General/Internal/FFI/Constant.hs, dist/dist-sandbox-90203a8c/build/LLVM/General/Internal/FFI/Constant.o )
[36 of 93] Compiling LLVM.General.Internal.FFI.Builder ( src/LLVM/General/Internal/FFI/Builder.hs, dist/dist-sandbox-90203a8c/build/LLVM/General/Internal/FFI/Builder.o )
[37 of 93] Compiling LLVM.General.Internal.FFI.Analysis ( src/LLVM/General/Internal/FFI/Analysis.hs, dist/dist-sandbox-90203a8c/build/LLVM/General/Internal/FFI/Analysis.o )
[38 of 93] Compiling Control.Monad.Exceptable ( src/Control/Monad/Exceptable.hs, dist/dist-sandbox-90203a8c/build/Control/Monad/Exceptable.o )
[39 of 93] Compiling Control.Monad.Trans.AnyCont ( src/Control/Monad/Trans/AnyCont.hs, dist/dist-sandbox-90203a8c/build/Control/Monad/Trans/AnyCont.o )
[40 of 93] Compiling Control.Monad.AnyCont.Class ( src/Control/Monad/AnyCont/Class.hs, dist/dist-sandbox-90203a8c/build/Control/Monad/AnyCont/Class.o )
[41 of 93] Compiling Control.Monad.AnyCont ( src/Control/Monad/AnyCont.hs, dist/dist-sandbox-90203a8c/build/Control/Monad/AnyCont.o )
[42 of 93] Compiling LLVM.General.Internal.Coding ( src/LLVM/General/Internal/Coding.hs, dist/dist-sandbox-90203a8c/build/LLVM/General/Internal/Coding.o )
[43 of 93] Compiling LLVM.General.Internal.Atomicity ( src/LLVM/General/Internal/Atomicity.hs, dist/dist-sandbox-90203a8c/build/LLVM/General/Internal/Atomicity.o )
[44 of 93] Compiling LLVM.General.Internal.CallingConvention ( src/LLVM/General/Internal/CallingConvention.hs, dist/dist-sandbox-90203a8c/build/LLVM/General/Internal/CallingConvention.o )
[45 of 93] Compiling LLVM.General.Internal.IntegerPredicate ( src/LLVM/General/Internal/IntegerPredicate.hs, dist/dist-sandbox-90203a8c/build/LLVM/General/Internal/IntegerPredicate.o )
[46 of 93] Compiling LLVM.General.Internal.FloatingPointPredicate ( src/LLVM/General/Internal/FloatingPointPredicate.hs, dist/dist-sandbox-90203a8c/build/LLVM/General/Internal/FloatingPointPredicate.o )
[47 of 93] Compiling LLVM.General.Internal.RMWOperation ( src/LLVM/General/Internal/RMWOperation.hs, dist/dist-sandbox-90203a8c/build/LLVM/General/Internal/RMWOperation.o )
[48 of 93] Compiling LLVM.General.Internal.TailCallKind ( src/LLVM/General/Internal/TailCallKind.hs, dist/dist-sandbox-90203a8c/build/LLVM/General/Internal/TailCallKind.o )
[49 of 93] Compiling LLVM.General.Internal.String ( src/LLVM/General/Internal/String.hs, dist/dist-sandbox-90203a8c/build/LLVM/General/Internal/String.o )
[50 of 93] Compiling LLVM.General.Internal.DecodeAST ( src/LLVM/General/Internal/DecodeAST.hs, dist/dist-sandbox-90203a8c/build/LLVM/General/Internal/DecodeAST.o )
[51 of 93] Compiling LLVM.General.Internal.DataLayout ( src/LLVM/General/Internal/DataLayout.hs, dist/dist-sandbox-90203a8c/build/LLVM/General/Internal/DataLayout.o )
[52 of 93] Compiling LLVM.General.Internal.MemoryBuffer ( src/LLVM/General/Internal/MemoryBuffer.hs, dist/dist-sandbox-90203a8c/build/LLVM/General/Internal/MemoryBuffer.o )
[53 of 93] Compiling LLVM.General.Internal.RawOStream ( src/LLVM/General/Internal/RawOStream.hs, dist/dist-sandbox-90203a8c/build/LLVM/General/Internal/RawOStream.o )
[54 of 93] Compiling LLVM.General.Transforms ( src/LLVM/General/Transforms.hs, dist/dist-sandbox-90203a8c/build/LLVM/General/Transforms.o )
[55 of 93] Compiling LLVM.General.Internal.FFI.PassManager ( src/LLVM/General/Internal/FFI/PassManager.hs, dist/dist-sandbox-90203a8c/build/LLVM/General/Internal/FFI/PassManager.o )
[56 of 93] Compiling LLVM.General.Internal.Threading ( src/LLVM/General/Internal/Threading.hs, dist/dist-sandbox-90203a8c/build/LLVM/General/Internal/Threading.o )
[57 of 93] Compiling LLVM.General.Threading ( src/LLVM/General/Threading.hs, dist/dist-sandbox-90203a8c/build/LLVM/General/Threading.o )
[58 of 93] Compiling LLVM.General.Target.Options ( src/LLVM/General/Target/Options.hs, dist/dist-sandbox-90203a8c/build/LLVM/General/Target/Options.o )
[59 of 93] Compiling LLVM.General.Internal.LibraryFunction ( dist/dist-sandbox-90203a8c/build/LLVM/General/Internal/LibraryFunction.hs, dist/dist-sandbox-90203a8c/build/LLVM/General/Internal/LibraryFunction.o )
[60 of 93] Compiling LLVM.General.Target.LibraryFunction ( src/LLVM/General/Target/LibraryFunction.hs, dist/dist-sandbox-90203a8c/build/LLVM/General/Target/LibraryFunction.o )
[61 of 93] Compiling LLVM.General.Relocation ( src/LLVM/General/Relocation.hs, dist/dist-sandbox-90203a8c/build/LLVM/General/Relocation.o )
[62 of 93] Compiling LLVM.General.Diagnostic ( src/LLVM/General/Diagnostic.hs, dist/dist-sandbox-90203a8c/build/LLVM/General/Diagnostic.o )
[63 of 93] Compiling LLVM.General.Internal.Diagnostic ( src/LLVM/General/Internal/Diagnostic.hs, dist/dist-sandbox-90203a8c/build/LLVM/General/Internal/Diagnostic.o )
[64 of 93] Compiling LLVM.General.Internal.Context ( src/LLVM/General/Internal/Context.hs, dist/dist-sandbox-90203a8c/build/LLVM/General/Internal/Context.o )
[65 of 93] Compiling LLVM.General.Internal.EncodeAST ( src/LLVM/General/Internal/EncodeAST.hs, dist/dist-sandbox-90203a8c/build/LLVM/General/Internal/EncodeAST.o )
[66 of 93] Compiling LLVM.General.Internal.Attribute ( src/LLVM/General/Internal/Attribute.hs, dist/dist-sandbox-90203a8c/build/LLVM/General/Internal/Attribute.o )
[67 of 93] Compiling LLVM.General.Internal.FastMathFlags ( src/LLVM/General/Internal/FastMathFlags.hs, dist/dist-sandbox-90203a8c/build/LLVM/General/Internal/FastMathFlags.o )
[68 of 93] Compiling LLVM.General.Internal.Global ( src/LLVM/General/Internal/Global.hs, dist/dist-sandbox-90203a8c/build/LLVM/General/Internal/Global.o )
[69 of 93] Compiling LLVM.General.Internal.Type ( src/LLVM/General/Internal/Type.hs, dist/dist-sandbox-90203a8c/build/LLVM/General/Internal/Type.o )
[70 of 93] Compiling LLVM.General.Internal.Constant ( src/LLVM/General/Internal/Constant.hs, dist/dist-sandbox-90203a8c/build/LLVM/General/Internal/Constant.o )
[71 of 93] Compiling LLVM.General.Internal.Value ( src/LLVM/General/Internal/Value.hs, dist/dist-sandbox-90203a8c/build/LLVM/General/Internal/Value.o )
[72 of 93] Compiling LLVM.General.Internal.Function ( src/LLVM/General/Internal/Function.hs, dist/dist-sandbox-90203a8c/build/LLVM/General/Internal/Function.o )
[73 of 93] Compiling LLVM.General.Internal.InlineAssembly ( src/LLVM/General/Internal/InlineAssembly.hs, dist/dist-sandbox-90203a8c/build/LLVM/General/Internal/InlineAssembly.o )
[74 of 93] Compiling LLVM.General.Internal.Metadata ( src/LLVM/General/Internal/Metadata.hs, dist/dist-sandbox-90203a8c/build/LLVM/General/Internal/Metadata.o )
[75 of 93] Compiling LLVM.General.Internal.Operand ( src/LLVM/General/Internal/Operand.hs, dist/dist-sandbox-90203a8c/build/LLVM/General/Internal/Operand.o )
[76 of 93] Compiling LLVM.General.Internal.Instruction ( src/LLVM/General/Internal/Instruction.hs, dist/dist-sandbox-90203a8c/build/LLVM/General/Internal/Instruction.o )
[77 of 93] Compiling LLVM.General.Internal.BasicBlock ( src/LLVM/General/Internal/BasicBlock.hs, dist/dist-sandbox-90203a8c/build/LLVM/General/Internal/BasicBlock.o )
[78 of 93] Compiling LLVM.General.Context ( src/LLVM/General/Context.hs, dist/dist-sandbox-90203a8c/build/LLVM/General/Context.o )
[79 of 93] Compiling LLVM.General.Internal.CommandLine ( src/LLVM/General/Internal/CommandLine.hs, dist/dist-sandbox-90203a8c/build/LLVM/General/Internal/CommandLine.o )
[80 of 93] Compiling LLVM.General.CommandLine ( src/LLVM/General/CommandLine.hs, dist/dist-sandbox-90203a8c/build/LLVM/General/CommandLine.o )
[81 of 93] Compiling LLVM.General.CodeModel ( src/LLVM/General/CodeModel.hs, dist/dist-sandbox-90203a8c/build/LLVM/General/CodeModel.o )
[82 of 93] Compiling LLVM.General.CodeGenOpt ( src/LLVM/General/CodeGenOpt.hs, dist/dist-sandbox-90203a8c/build/LLVM/General/CodeGenOpt.o )
[83 of 93] Compiling LLVM.General.Internal.Target ( src/LLVM/General/Internal/Target.hs, dist/dist-sandbox-90203a8c/build/LLVM/General/Internal/Target.o )
[84 of 93] Compiling LLVM.General.Internal.Module ( src/LLVM/General/Internal/Module.hs, dist/dist-sandbox-90203a8c/build/LLVM/General/Internal/Module.o )
[85 of 93] Compiling LLVM.General.Internal.ExecutionEngine ( src/LLVM/General/Internal/ExecutionEngine.hs, dist/dist-sandbox-90203a8c/build/LLVM/General/Internal/ExecutionEngine.o )
[86 of 93] Compiling LLVM.General.ExecutionEngine ( src/LLVM/General/ExecutionEngine.hs, dist/dist-sandbox-90203a8c/build/LLVM/General/ExecutionEngine.o )
[87 of 93] Compiling LLVM.General.Internal.PassManager ( src/LLVM/General/Internal/PassManager.hs, dist/dist-sandbox-90203a8c/build/LLVM/General/Internal/PassManager.o )
[88 of 93] Compiling LLVM.General.PassManager ( src/LLVM/General/PassManager.hs, dist/dist-sandbox-90203a8c/build/LLVM/General/PassManager.o )
[89 of 93] Compiling LLVM.General.Target ( src/LLVM/General/Target.hs, dist/dist-sandbox-90203a8c/build/LLVM/General/Target.o )
[90 of 93] Compiling LLVM.General.Internal.Analysis ( src/LLVM/General/Internal/Analysis.hs, dist/dist-sandbox-90203a8c/build/LLVM/General/Internal/Analysis.o )
[91 of 93] Compiling LLVM.General.Analysis ( src/LLVM/General/Analysis.hs, dist/dist-sandbox-90203a8c/build/LLVM/General/Analysis.o )
[92 of 93] Compiling LLVM.General.Module ( src/LLVM/General/Module.hs, dist/dist-sandbox-90203a8c/build/LLVM/General/Module.o )
[93 of 93] Compiling LLVM.General     ( src/LLVM/General.hs, dist/dist-sandbox-90203a8c/build/LLVM/General.o )
In-place registering llvm-general-3.5.1.2...
Creating package registration file:
/tmp/pkgConf-llvm-general-3.5.110252023621350490027.2
Installing library in
/home/niels/Hacking/Haskell/kn-/.cabal-sandbox/lib/x86_64-linux-ghc-7.10.3/llvm-general-3.5.1.2-0TZuwQeF4cCAkVfVKxC3ST
Registering llvm-general-3.5.1.2...
